  freestyle.cpp
C:\SFML-3.0.0-windows-vc17-64-bit\SFML-3.0.0\include\SFML\Graphics\Color.inl(75,17): error C3615: constexpr function 'sf::operator +' cannot result in a constant expression
C:\SFML-3.0.0-windows-vc17-64-bit\SFML-3.0.0\include\SFML\Graphics\Color.inl(91,17): error C3615: constexpr function 'sf::operator -' cannot result in a constant expression
C:\SFML-3.0.0-windows-vc17-64-bit\SFML-3.0.0\include\SFML\Graphics\Color.inl(107,17): error C3615: constexpr function 'sf::operator *' cannot result in a constant expression
C:\SFML-3.0.0-windows-vc17-64-bit\SFML-3.0.0\include\SFML\Graphics\Color.inl(146,31): error C7525: inline variables require at least '/std:c++17'
C:\SFML-3.0.0-windows-vc17-64-bit\SFML-3.0.0\include\SFML\Graphics\Color.inl(147,31): error C7525: inline variables require at least '/std:c++17'
C:\SFML-3.0.0-windows-vc17-64-bit\SFML-3.0.0\include\SFML\Graphics\Color.inl(148,31): error C7525: inline variables require at least '/std:c++17'
C:\SFML-3.0.0-windows-vc17-64-bit\SFML-3.0.0\include\SFML\Graphics\Color.inl(149,31): error C7525: inline variables require at least '/std:c++17'
C:\SFML-3.0.0-windows-vc17-64-bit\SFML-3.0.0\include\SFML\Graphics\Color.inl(150,31): error C7525: inline variables require at least '/std:c++17'
C:\SFML-3.0.0-windows-vc17-64-bit\SFML-3.0.0\include\SFML\Graphics\Color.inl(151,31): error C7525: inline variables require at least '/std:c++17'
C:\SFML-3.0.0-windows-vc17-64-bit\SFML-3.0.0\include\SFML\Graphics\Color.inl(152,31): error C7525: inline variables require at least '/std:c++17'
C:\SFML-3.0.0-windows-vc17-64-bit\SFML-3.0.0\include\SFML\Graphics\Color.inl(153,31): error C7525: inline variables require at least '/std:c++17'
C:\SFML-3.0.0-windows-vc17-64-bit\SFML-3.0.0\include\SFML\Graphics\Color.inl(154,31): error C7525: inline variables require at least '/std:c++17'
C:\SFML-3.0.0-windows-vc17-64-bit\SFML-3.0.0\include\SFML\System\Angle.inl(272,31): error C7525: inline variables require at least '/std:c++17'
C:\Program Files\Microsoft Visual Studio\2022\Preview\VC\Tools\MSVC\14.40.33721\include\optional(11): warning STL4038: The contents of <optional> are available only with C++17 or later.
C:\SFML-3.0.0-windows-vc17-64-bit\SFML-3.0.0\include\SFML\Graphics\Rect.hpp(98,34): error C2039: 'optional': is not a member of 'std'
C:\SFML-3.0.0-windows-vc17-64-bit\SFML-3.0.0\include\SFML\Graphics\Rect.hpp(98,42): error C2143: syntax error: missing ';' before '<'
C:\SFML-3.0.0-windows-vc17-64-bit\SFML-3.0.0\include\SFML\Graphics\Rect.hpp(98,34): error C4430: missing type specifier - int assumed. Note: C++ does not support default-int
C:\SFML-3.0.0-windows-vc17-64-bit\SFML-3.0.0\include\SFML\Graphics\Rect.hpp(98,34): error C2178: 'sf::Rect<T>::optional' cannot be declared with 'constexpr' specifier
C:\SFML-3.0.0-windows-vc17-64-bit\SFML-3.0.0\include\SFML\Graphics\Rect.hpp(98,6): warning C4869: 'nodiscard' may only be applied to classes, enumerations, and functions
C:\SFML-3.0.0-windows-vc17-64-bit\SFML-3.0.0\include\SFML\Graphics\Rect.hpp(98,100): error C2238: unexpected token(s) preceding ';'
C:\SFML-3.0.0-windows-vc17-64-bit\SFML-3.0.0\include\SFML\Graphics\Rect.inl(71,16): error C2039: 'optional': is not a member of 'std'
C:\SFML-3.0.0-windows-vc17-64-bit\SFML-3.0.0\include\SFML\Graphics\Rect.inl(71,24): error C2988: unrecognizable template declaration/definition
C:\SFML-3.0.0-windows-vc17-64-bit\SFML-3.0.0\include\SFML\Graphics\Rect.inl(71,24): error C2143: syntax error: missing ';' before '<'
C:\SFML-3.0.0-windows-vc17-64-bit\SFML-3.0.0\include\SFML\Graphics\Rect.inl(71,16): error C4430: missing type specifier - int assumed. Note: C++ does not support default-int
C:\SFML-3.0.0-windows-vc17-64-bit\SFML-3.0.0\include\SFML\Graphics\Rect.inl(71,24): error C2059: syntax error: '<'
C:\SFML-3.0.0-windows-vc17-64-bit\SFML-3.0.0\include\SFML\Graphics\Rect.inl(71,30): error C2065: 'T': undeclared identifier
C:\SFML-3.0.0-windows-vc17-64-bit\SFML-3.0.0\include\SFML\Graphics\Rect.inl(71,25): error C2923: 'sf::Rect': 'T' is not a valid template type argument for parameter 'T'
C:\SFML-3.0.0-windows-vc17-64-bit\SFML-3.0.0\include\SFML\Graphics\Rect.inl(71,39): error C2065: 'T': undeclared identifier
C:\SFML-3.0.0-windows-vc17-64-bit\SFML-3.0.0\include\SFML\Graphics\Rect.inl(71,34): error C2923: 'sf::Rect': 'T' is not a valid template type argument for parameter 'T'
C:\SFML-3.0.0-windows-vc17-64-bit\SFML-3.0.0\include\SFML\Graphics\Rect.inl(71,71): error C2065: 'T': undeclared identifier
C:\SFML-3.0.0-windows-vc17-64-bit\SFML-3.0.0\include\SFML\Graphics\Rect.inl(71,66): error C2923: 'sf::Rect': 'T' is not a valid template type argument for parameter 'T'
C:\SFML-3.0.0-windows-vc17-64-bit\SFML-3.0.0\include\SFML\Graphics\Rect.inl(72,1): error C2143: syntax error: missing ';' before '{'
C:\SFML-3.0.0-windows-vc17-64-bit\SFML-3.0.0\include\SFML\Graphics\Rect.inl(72,1): error C2447: '{': missing function header (old-style formal list?)
C:\SFML-3.0.0-windows-vc17-64-bit\SFML-3.0.0\include\SFML\Graphics\Transform.inl(52,35): error C3615: constexpr function 'sf::Transform::getMatrix' cannot result in a constant expression
C:\SFML-3.0.0-windows-vc17-64-bit\SFML-3.0.0\include\SFML\Graphics\Rect.hpp(98,34): error C2178: 'sf::Rect<float>::optional' cannot be declared with 'constexpr' specifier
C:\SFML-3.0.0-windows-vc17-64-bit\SFML-3.0.0\include\SFML\Graphics\Transform.inl(101,31): error C2514: 'std::array': class template cannot be constructed
C:\SFML-3.0.0-windows-vc17-64-bit\SFML-3.0.0\include\SFML\Graphics\Transform.inl(107,21): error C2678: binary '[': no operator found which takes a left-hand operand of type 'const std::array' (or there is no acceptable conversion)
C:\SFML-3.0.0-windows-vc17-64-bit\SFML-3.0.0\include\SFML\Graphics\Transform.inl(108,21): error C2678: binary '[': no operator found which takes a left-hand operand of type 'const std::array' (or there is no acceptable conversion)
C:\SFML-3.0.0-windows-vc17-64-bit\SFML-3.0.0\include\SFML\Graphics\Transform.inl(110,40): error C2662: 'std::array<_Ty,_Size>::size_type std::array<_Ty,_Size>::size(void) noexcept const': cannot convert 'this' pointer from 'const std::array' to 'const std::array<_Ty,_Size> &'
C:\SFML-3.0.0-windows-vc17-64-bit\SFML-3.0.0\include\SFML\Graphics\Transform.inl(113,18): error C2678: binary '[': no operator found which takes a left-hand operand of type 'const std::array' (or there is no acceptable conversion)
C:\SFML-3.0.0-windows-vc17-64-bit\SFML-3.0.0\include\SFML\Graphics\Transform.inl(113,49): error C2678: binary '[': no operator found which takes a left-hand operand of type 'const std::array' (or there is no acceptable conversion)
C:\SFML-3.0.0-windows-vc17-64-bit\SFML-3.0.0\include\SFML\Graphics\Transform.inl(114,18): error C2678: binary '[': no operator found which takes a left-hand operand of type 'const std::array' (or there is no acceptable conversion)
C:\SFML-3.0.0-windows-vc17-64-bit\SFML-3.0.0\include\SFML\Graphics\Transform.inl(114,49): error C2678: binary '[': no operator found which takes a left-hand operand of type 'const std::array' (or there is no acceptable conversion)
C:\SFML-3.0.0-windows-vc17-64-bit\SFML-3.0.0\include\SFML\Graphics\Transform.inl(116,18): error C2678: binary '[': no operator found which takes a left-hand operand of type 'const std::array' (or there is no acceptable conversion)
C:\SFML-3.0.0-windows-vc17-64-bit\SFML-3.0.0\include\SFML\Graphics\Transform.inl(116,49): error C2678: binary '[': no operator found which takes a left-hand operand of type 'const std::array' (or there is no acceptable conversion)
C:\SFML-3.0.0-windows-vc17-64-bit\SFML-3.0.0\include\SFML\Graphics\Transform.inl(117,18): error C2678: binary '[': no operator found which takes a left-hand operand of type 'const std::array' (or there is no acceptable conversion)
C:\SFML-3.0.0-windows-vc17-64-bit\SFML-3.0.0\include\SFML\Graphics\Transform.inl(117,49): error C2678: binary '[': no operator found which takes a left-hand operand of type 'const std::array' (or there is no acceptable conversion)
C:\SFML-3.0.0-windows-vc17-64-bit\SFML-3.0.0\include\SFML\Graphics\Transform.inl(98,32): error C3615: constexpr function 'sf::Transform::transformRect' cannot result in a constant expression
C:\SFML-3.0.0-windows-vc17-64-bit\SFML-3.0.0\include\SFML\Graphics\Transform.inl(234,39): error C7525: inline variables require at least '/std:c++17'
C:\SFML-3.0.0-windows-vc17-64-bit\SFML-3.0.0\include\SFML\Graphics\Rect.hpp(98,34): error C2178: 'sf::Rect<int>::optional' cannot be declared with 'constexpr' specifier
C:\Program Files\Microsoft Visual Studio\2022\Preview\VC\Tools\MSVC\14.40.33721\include\filesystem(12): warning STL4038: The contents of <filesystem> are available only with C++17 or later.
C:\SFML-3.0.0-windows-vc17-64-bit\SFML-3.0.0\include\SFML\Graphics\Texture.hpp(114,33): error C3083: 'filesystem': the symbol to the left of a '::' must be a type
C:\SFML-3.0.0-windows-vc17-64-bit\SFML-3.0.0\include\SFML\Graphics\Texture.hpp(114,45): error C2039: 'path': is not a member of 'std'
C:\SFML-3.0.0-windows-vc17-64-bit\SFML-3.0.0\include\SFML\Graphics\Texture.hpp(114,22): error C4430: missing type specifier - int assumed. Note: C++ does not support default-int
C:\SFML-3.0.0-windows-vc17-64-bit\SFML-3.0.0\include\SFML\Graphics\Texture.hpp(114,49): error C2143: syntax error: missing ',' before '&'
C:\SFML-3.0.0-windows-vc17-64-bit\SFML-3.0.0\include\SFML\Graphics\Texture.hpp(137,24): error C3083: 'filesystem': the symbol to the left of a '::' must be a type
C:\SFML-3.0.0-windows-vc17-64-bit\SFML-3.0.0\include\SFML\Graphics\Texture.hpp(137,36): error C2039: 'path': is not a member of 'std'
C:\SFML-3.0.0-windows-vc17-64-bit\SFML-3.0.0\include\SFML\Graphics\Texture.hpp(137,13): error C4430: missing type specifier - int assumed. Note: C++ does not support default-int
C:\SFML-3.0.0-windows-vc17-64-bit\SFML-3.0.0\include\SFML\Graphics\Texture.hpp(137,40): error C2143: syntax error: missing ',' before '&'
C:\SFML-3.0.0-windows-vc17-64-bit\SFML-3.0.0\include\SFML\Graphics\Texture.hpp(137,5): error C2535: 'sf::Texture::Texture(const int)': member function already defined or declared
C:\SFML-3.0.0-windows-vc17-64-bit\SFML-3.0.0\include\SFML\Graphics\Texture.hpp(304,48): error C3083: 'filesystem': the symbol to the left of a '::' must be a type
C:\SFML-3.0.0-windows-vc17-64-bit\SFML-3.0.0\include\SFML\Graphics\Texture.hpp(304,60): error C2039: 'path': is not a member of 'std'
C:\SFML-3.0.0-windows-vc17-64-bit\SFML-3.0.0\include\SFML\Graphics\Texture.hpp(304,37): error C4430: missing type specifier - int assumed. Note: C++ does not support default-int
C:\SFML-3.0.0-windows-vc17-64-bit\SFML-3.0.0\include\SFML\Graphics\Texture.hpp(304,64): error C2143: syntax error: missing ',' before '&'
C:\SFML-3.0.0-windows-vc17-64-bit\SFML-3.0.0\include\SFML\Graphics\Texture.hpp(304,117): error C2143: syntax error: missing ')' before '{'
C:\SFML-3.0.0-windows-vc17-64-bit\SFML-3.0.0\include\SFML\Graphics\Texture.hpp(304,119): error C2059: syntax error: ')'
C:\SFML-3.0.0-windows-vc17-64-bit\SFML-3.0.0\include\SFML\Graphics\Font.hpp(103,30): error C3083: 'filesystem': the symbol to the left of a '::' must be a type
C:\SFML-3.0.0-windows-vc17-64-bit\SFML-3.0.0\include\SFML\Graphics\Font.hpp(103,42): error C2039: 'path': is not a member of 'std'
C:\SFML-3.0.0-windows-vc17-64-bit\SFML-3.0.0\include\SFML\Graphics\Font.hpp(103,19): error C4430: missing type specifier - int assumed. Note: C++ does not support default-int
C:\SFML-3.0.0-windows-vc17-64-bit\SFML-3.0.0\include\SFML\Graphics\Font.hpp(103,46): error C2143: syntax error: missing ',' before '&'
C:\SFML-3.0.0-windows-vc17-64-bit\SFML-3.0.0\include\SFML\Graphics\Font.hpp(168,48): error C3083: 'filesystem': the symbol to the left of a '::' must be a type
C:\SFML-3.0.0-windows-vc17-64-bit\SFML-3.0.0\include\SFML\Graphics\Font.hpp(168,60): error C2039: 'path': is not a member of 'std'
C:\SFML-3.0.0-windows-vc17-64-bit\SFML-3.0.0\include\SFML\Graphics\Font.hpp(168,37): error C4430: missing type specifier - int assumed. Note: C++ does not support default-int
C:\SFML-3.0.0-windows-vc17-64-bit\SFML-3.0.0\include\SFML\Graphics\Font.hpp(168,64): error C2143: syntax error: missing ',' before '&'
C:\Program Files\Microsoft Visual Studio\2022\Preview\VC\Tools\MSVC\14.40.33721\include\string_view(12): warning STL4038: The contents of <string_view> are available only with C++17 or later.
C:\SFML-3.0.0-windows-vc17-64-bit\SFML-3.0.0\include\SFML\Graphics\Image.hpp(103,31): error C3083: 'filesystem': the symbol to the left of a '::' must be a type
C:\SFML-3.0.0-windows-vc17-64-bit\SFML-3.0.0\include\SFML\Graphics\Image.hpp(103,43): error C2039: 'path': is not a member of 'std'
C:\SFML-3.0.0-windows-vc17-64-bit\SFML-3.0.0\include\SFML\Graphics\Image.hpp(103,20): error C4430: missing type specifier - int assumed. Note: C++ does not support default-int
C:\SFML-3.0.0-windows-vc17-64-bit\SFML-3.0.0\include\SFML\Graphics\Image.hpp(103,47): error C2143: syntax error: missing ',' before '&'
C:\SFML-3.0.0-windows-vc17-64-bit\SFML-3.0.0\include\SFML\Graphics\Image.hpp(175,48): error C3083: 'filesystem': the symbol to the left of a '::' must be a type
C:\SFML-3.0.0-windows-vc17-64-bit\SFML-3.0.0\include\SFML\Graphics\Image.hpp(175,60): error C2039: 'path': is not a member of 'std'
C:\SFML-3.0.0-windows-vc17-64-bit\SFML-3.0.0\include\SFML\Graphics\Image.hpp(175,37): error C4430: missing type specifier - int assumed. Note: C++ does not support default-int
C:\SFML-3.0.0-windows-vc17-64-bit\SFML-3.0.0\include\SFML\Graphics\Image.hpp(175,64): error C2143: syntax error: missing ',' before '&'
C:\SFML-3.0.0-windows-vc17-64-bit\SFML-3.0.0\include\SFML\Graphics\Image.hpp(227,46): error C3083: 'filesystem': the symbol to the left of a '::' must be a type
C:\SFML-3.0.0-windows-vc17-64-bit\SFML-3.0.0\include\SFML\Graphics\Image.hpp(227,58): error C2039: 'path': is not a member of 'std'
C:\SFML-3.0.0-windows-vc17-64-bit\SFML-3.0.0\include\SFML\Graphics\Image.hpp(227,35): error C4430: missing type specifier - int assumed. Note: C++ does not support default-int
C:\SFML-3.0.0-windows-vc17-64-bit\SFML-3.0.0\include\SFML\Graphics\Image.hpp(227,62): error C2143: syntax error: missing ',' before '&'
C:\SFML-3.0.0-windows-vc17-64-bit\SFML-3.0.0\include\SFML\Graphics\Image.hpp(245,24): error C2039: 'optional': is not a member of 'std'
C:\SFML-3.0.0-windows-vc17-64-bit\SFML-3.0.0\include\SFML\Graphics\Image.hpp(245,32): error C2143: syntax error: missing ';' before '<'
C:\SFML-3.0.0-windows-vc17-64-bit\SFML-3.0.0\include\SFML\Graphics\Image.hpp(245,24): error C4430: missing type specifier - int assumed. Note: C++ does not support default-int
C:\SFML-3.0.0-windows-vc17-64-bit\SFML-3.0.0\include\SFML\Graphics\Image.hpp(245,6): warning C4869: 'nodiscard' may only be applied to classes, enumerations, and functions
C:\SFML-3.0.0-windows-vc17-64-bit\SFML-3.0.0\include\SFML\Graphics\Image.hpp(245,78): error C2039: 'string_view': is not a member of 'std'
C:\SFML-3.0.0-windows-vc17-64-bit\SFML-3.0.0\include\SFML\Graphics\Image.hpp(245,103): error C2238: unexpected token(s) preceding ';'
C:\SFML-3.0.0-windows-vc17-64-bit\SFML-3.0.0\include\SFML\System\Time.inl(282,29): error C7525: inline variables require at least '/std:c++17'
C:\SFML-3.0.0-windows-vc17-64-bit\SFML-3.0.0\include\SFML\Window\WindowBase.hpp(226,24): error C2039: 'optional': is not a member of 'std'
C:\SFML-3.0.0-windows-vc17-64-bit\SFML-3.0.0\include\SFML\Window\WindowBase.hpp(226,32): error C2143: syntax error: missing ';' before '<'
C:\SFML-3.0.0-windows-vc17-64-bit\SFML-3.0.0\include\SFML\Window\WindowBase.hpp(226,24): error C4430: missing type specifier - int assumed. Note: C++ does not support default-int
C:\SFML-3.0.0-windows-vc17-64-bit\SFML-3.0.0\include\SFML\Window\WindowBase.hpp(226,6): warning C4869: 'nodiscard' may only be applied to classes, enumerations, and functions
C:\SFML-3.0.0-windows-vc17-64-bit\SFML-3.0.0\include\SFML\Window\WindowBase.hpp(226,51): error C2238: unexpected token(s) preceding ';'
C:\SFML-3.0.0-windows-vc17-64-bit\SFML-3.0.0\include\SFML\Window\WindowBase.hpp(252,24): error C2039: 'optional': is not a member of 'std'
C:\SFML-3.0.0-windows-vc17-64-bit\SFML-3.0.0\include\SFML\Window\WindowBase.hpp(252,32): error C2143: syntax error: missing ';' before '<'
C:\SFML-3.0.0-windows-vc17-64-bit\SFML-3.0.0\include\SFML\Window\WindowBase.hpp(252,32): error C1003: error count exceeds 100; stopping compilation
