C:\Program Files\Microsoft Visual Studio\2022\Preview\MSBuild\Microsoft\VC\v170\Microsoft.CppBuild.targets(531,5): warning MSB8028: The intermediate directory (x64\Debug\) contains files shared from another project (flappybird.vcxproj).  This can lead to incorrect clean and rebuild behavior.
  flappybird.cpp
C:\Users\ADMIN\Desktop\proj\flappybird\flappybird.cpp(129,22): warning C4244: 'initializing': conversion from 'T' to 'float', possible loss of data
C:\Users\ADMIN\Desktop\proj\flappybird\flappybird.cpp(129,22): warning C4244:         with
C:\Users\ADMIN\Desktop\proj\flappybird\flappybird.cpp(129,22): warning C4244:         [
C:\Users\ADMIN\Desktop\proj\flappybird\flappybird.cpp(129,22): warning C4244:             T=unsigned int
C:\Users\ADMIN\Desktop\proj\flappybird\flappybird.cpp(129,22): warning C4244:         ]
C:\Users\ADMIN\Desktop\proj\flappybird\flappybird.cpp(396,81): warning C4244: 'argument': conversion from 'int' to 'T', possible loss of data
C:\Users\ADMIN\Desktop\proj\flappybird\flappybird.cpp(396,81): warning C4244:         with
C:\Users\ADMIN\Desktop\proj\flappybird\flappybird.cpp(396,81): warning C4244:         [
C:\Users\ADMIN\Desktop\proj\flappybird\flappybird.cpp(396,81): warning C4244:             T=float
C:\Users\ADMIN\Desktop\proj\flappybird\flappybird.cpp(396,81): warning C4244:         ]
C:\Users\ADMIN\Desktop\proj\flappybird\flappybird.cpp(396,60): warning C4244: 'argument': conversion from 'int' to 'T', possible loss of data
C:\Users\ADMIN\Desktop\proj\flappybird\flappybird.cpp(396,60): warning C4244:         with
C:\Users\ADMIN\Desktop\proj\flappybird\flappybird.cpp(396,60): warning C4244:         [
C:\Users\ADMIN\Desktop\proj\flappybird\flappybird.cpp(396,60): warning C4244:             T=float
C:\Users\ADMIN\Desktop\proj\flappybird\flappybird.cpp(396,60): warning C4244:         ]
C:\Users\ADMIN\Desktop\proj\flappybird\flappybird.cpp(410,77): warning C4244: 'argument': conversion from 'int' to 'T', possible loss of data
C:\Users\ADMIN\Desktop\proj\flappybird\flappybird.cpp(410,77): warning C4244:         with
C:\Users\ADMIN\Desktop\proj\flappybird\flappybird.cpp(410,77): warning C4244:         [
C:\Users\ADMIN\Desktop\proj\flappybird\flappybird.cpp(410,77): warning C4244:             T=float
C:\Users\ADMIN\Desktop\proj\flappybird\flappybird.cpp(410,77): warning C4244:         ]
C:\Users\ADMIN\Desktop\proj\flappybird\flappybird.cpp(410,56): warning C4244: 'argument': conversion from 'int' to 'T', possible loss of data
C:\Users\ADMIN\Desktop\proj\flappybird\flappybird.cpp(410,56): warning C4244:         with
C:\Users\ADMIN\Desktop\proj\flappybird\flappybird.cpp(410,56): warning C4244:         [
C:\Users\ADMIN\Desktop\proj\flappybird\flappybird.cpp(410,56): warning C4244:             T=float
C:\Users\ADMIN\Desktop\proj\flappybird\flappybird.cpp(410,56): warning C4244:         ]
C:\Program Files\Microsoft Visual Studio\2022\Preview\VC\Tools\MSVC\14.40.33721\include\xmemory(700,103): warning C4244: 'argument': conversion from '_Ty' to 'float', possible loss of data
C:\Program Files\Microsoft Visual Studio\2022\Preview\VC\Tools\MSVC\14.40.33721\include\xmemory(700,103): warning C4244:         with
C:\Program Files\Microsoft Visual Studio\2022\Preview\VC\Tools\MSVC\14.40.33721\include\xmemory(700,103): warning C4244:         [
C:\Program Files\Microsoft Visual Studio\2022\Preview\VC\Tools\MSVC\14.40.33721\include\xmemory(700,103): warning C4244:             _Ty=int
C:\Program Files\Microsoft Visual Studio\2022\Preview\VC\Tools\MSVC\14.40.33721\include\xmemory(700,103): warning C4244:         ]
C:\Program Files\Microsoft Visual Studio\2022\Preview\VC\Tools\MSVC\14.40.33721\include\xmemory(700,103): warning C4244: 'argument': conversion from 'const int' to 'float', possible loss of data
  flappybird.vcxproj -> C:\Users\ADMIN\Desktop\proj\freestyle\x64\Debug\2.flappybird.exe
